<?xml version="1.0" encoding="UTF-8"?>
<!-- Generated by org.testng.reporters.JUnitReportReporter -->
<testsuite hostname="ECHTP-53-18" name="by.htp.testng.SimpleTestExample" tests="3" failures="0" timestamp="23 Jul 2018 18:36:17 GMT" time="0.015" errors="0">
  <testcase name="testSomething2W" time="0.000" classname="by.htp.testng.SimpleTestExample"/>
  <testcase name="testSmthW" time="0.015" classname="by.htp.testng.SimpleTestExample"/>
  <testcase name="testSomething" time="0.000" classname="by.htp.testng.SimpleTestExample"/>
</testsuite> <!-- by.htp.testng.SimpleTestExample -->
