<?xml version="1.0" encoding="UTF-8"?>
<!-- Generated by org.testng.reporters.JUnitReportReporter -->
<testsuite hostname="ECHTP-53-18" name="by.htp.testng.ComplexSimpleTestExample" tests="1" failures="0" timestamp="23 Jul 2018 17:47:33 GMT" time="0.000" errors="0">
  <testcase name="testSomething2" time="0.000" classname="by.htp.testng.ComplexSimpleTestExample"/>
</testsuite> <!-- by.htp.testng.ComplexSimpleTestExample -->
