<?xml version="1.0" encoding="UTF-8"?>
<!-- Generated by org.testng.reporters.JUnitReportReporter -->
<testsuite hostname="MacBook-Air-Pavel.local" failures="0" tests="3" name="by.htp.testng.SimpleTestExample" time="0.030" errors="0" timestamp="01 Aug 2018 16:10:51 GMT" skipped="0">
  <testcase classname="by.htp.testng.SimpleTestExample" name="testSomething" time="0.002"/>
  <testcase classname="by.htp.testng.SimpleTestExample" name="testSomething2W" time="0.007"/>
  <testcase classname="by.htp.testng.SimpleTestExample" name="testSmthW" time="0.021"/>
</testsuite> <!-- by.htp.testng.SimpleTestExample -->
