<?xml version="1.0" encoding="UTF-8"?>
<!-- Generated by org.testng.reporters.JUnitReportReporter -->
<testsuite hostname="MacBook-Air-Pavel.local" failures="0" tests="1" name="by.htp.log.LogApp" time="1.435" errors="0" timestamp="01 Aug 2018 18:23:13 GMT" skipped="0">
  <testcase classname="by.htp.log.LogApp" name="LogTest" time="1.435"/>
</testsuite> <!-- by.htp.log.LogApp -->
